<?xml version="1.0" encoding="UTF-8"?>
<testsuite name="com.mindex.challenge.DataBootstrapTest" tests="1" skipped="0" failures="0" errors="0" timestamp="2023-05-11T04:12:24" hostname="DESKTOP-CVPMR4V" time="0.004">
  <properties/>
  <testcase name="test" classname="com.mindex.challenge.DataBootstrapTest" time="0.004"/>
  <system-out><![CDATA[2023-05-11 00:12:24.220  INFO 19004 --- [    Test worker] .b.t.c.SpringBootTestContextBootstrapper : Neither @ContextConfiguration nor @ContextHierarchy found for test class [com.mindex.challenge.DataBootstrapTest], using SpringBootContextLoader
2023-05-11 00:12:24.221  INFO 19004 --- [    Test worker] o.s.t.c.support.AbstractContextLoader    : Could not detect default resource locations for test class [com.mindex.challenge.DataBootstrapTest]: no resource found for suffixes {-context.xml, Context.groovy}.
2023-05-11 00:12:24.221  INFO 19004 --- [    Test worker] t.c.s.AnnotationConfigContextLoaderUtils : Could not detect default configuration classes for test class [com.mindex.challenge.DataBootstrapTest]: DataBootstrapTest does not declare any static, non-private, non-final, nested classes annotated with @Configuration.
2023-05-11 00:12:24.222  INFO 19004 --- [    Test worker] .b.t.c.SpringBootTestContextBootstrapper : Found @SpringBootConfiguration com.mindex.challenge.ChallengeApplication for test class com.mindex.challenge.DataBootstrapTest
2023-05-11 00:12:24.223  INFO 19004 --- [    Test worker] .b.t.c.SpringBootTestContextBootstrapper : Loaded default TestExecutionListener class names from location [META-INF/spring.factories]: [org.springframework.boot.test.autoconfigure.restdocs.RestDocsTestExecutionListener, org.springframework.boot.test.autoconfigure.web.client.MockRestServiceServerResetTestExecutionListener, org.springframework.boot.test.autoconfigure.web.servlet.MockMvcPrintOnlyOnFailureTestExecutionListener, org.springframework.boot.test.autoconfigure.web.servlet.WebDriverTestExecutionListener, org.springframework.boot.test.mock.mockito.MockitoTestExecutionListener, org.springframework.boot.test.mock.mockito.ResetMocksTestExecutionListener, org.springframework.test.context.web.ServletTestExecutionListener, org.springframework.test.context.support.DirtiesContextBeforeModesTestExecutionListener, org.springframework.test.context.support.DependencyInjectionTestExecutionListener, org.springframework.test.context.support.DirtiesContextTestExecutionListener, org.springframework.test.context.transaction.TransactionalTestExecutionListener, org.springframework.test.context.jdbc.SqlScriptsTestExecutionListener, org.springframework.test.context.event.EventPublishingTestExecutionListener]
2023-05-11 00:12:24.223  INFO 19004 --- [    Test worker] .b.t.c.SpringBootTestContextBootstrapper : Using TestExecutionListeners: [org.springframework.test.context.web.ServletTestExecutionListener@2ed74e05, org.springframework.test.context.support.DirtiesContextBeforeModesTestExecutionListener@5535bac2, org.springframework.boot.test.mock.mockito.MockitoTestExecutionListener@19aa2e1f, org.springframework.boot.test.autoconfigure.SpringBootDependencyInjectionTestExecutionListener@4833b11f, org.springframework.test.context.support.DirtiesContextTestExecutionListener@5c00797a, org.springframework.test.context.transaction.TransactionalTestExecutionListener@241b2b92, org.springframework.test.context.jdbc.SqlScriptsTestExecutionListener@6c8923d8, org.springframework.test.context.event.EventPublishingTestExecutionListener@39e7dc1f, org.springframework.boot.test.autoconfigure.restdocs.RestDocsTestExecutionListener@66f3a9f0, org.springframework.boot.test.autoconfigure.web.client.MockRestServiceServerResetTestExecutionListener@1b495907, org.springframework.boot.test.autoconfigure.web.servlet.MockMvcPrintOnlyOnFailureTestExecutionListener@3efb3e55, org.springframework.boot.test.autoconfigure.web.servlet.WebDriverTestExecutionListener@397b0ab1, org.springframework.boot.test.mock.mockito.ResetMocksTestExecutionListener@423c9847]
]]></system-out>
  <system-err><![CDATA[]]></system-err>
</testsuite>
