<?xml version="1.0" encoding="UTF-8"?>
<testsuite name="com.mindex.challenge.service.impl.CompensationServiceImplTest" tests="1" skipped="0" failures="0" errors="0" timestamp="2023-05-11T04:24:56" hostname="DESKTOP-CVPMR4V" time="0.166">
  <properties/>
  <testcase name="testCreateRead" classname="com.mindex.challenge.service.impl.CompensationServiceImplTest" time="0.166"/>
  <system-out><![CDATA[2023-05-11 00:24:56.170  INFO 22848 --- [    Test worker] .b.t.c.SpringBootTestContextBootstrapper : Neither @ContextConfiguration nor @ContextHierarchy found for test class [com.mindex.challenge.service.impl.CompensationServiceImplTest], using SpringBootContextLoader
2023-05-11 00:24:56.170  INFO 22848 --- [    Test worker] o.s.t.c.support.AbstractContextLoader    : Could not detect default resource locations for test class [com.mindex.challenge.service.impl.CompensationServiceImplTest]: no resource found for suffixes {-context.xml, Context.groovy}.
2023-05-11 00:24:56.170  INFO 22848 --- [    Test worker] t.c.s.AnnotationConfigContextLoaderUtils : Could not detect default configuration classes for test class [com.mindex.challenge.service.impl.CompensationServiceImplTest]: CompensationServiceImplTest does not declare any static, non-private, non-final, nested classes annotated with @Configuration.
2023-05-11 00:24:56.179  INFO 22848 --- [    Test worker] .b.t.c.SpringBootTestContextBootstrapper : Found @SpringBootConfiguration com.mindex.challenge.ChallengeApplication for test class com.mindex.challenge.service.impl.CompensationServiceImplTest
2023-05-11 00:24:56.180  INFO 22848 --- [    Test worker] .b.t.c.SpringBootTestContextBootstrapper : Loaded default TestExecutionListener class names from location [META-INF/spring.factories]: [org.springframework.boot.test.autoconfigure.restdocs.RestDocsTestExecutionListener, org.springframework.boot.test.autoconfigure.web.client.MockRestServiceServerResetTestExecutionListener, org.springframework.boot.test.autoconfigure.web.servlet.MockMvcPrintOnlyOnFailureTestExecutionListener, org.springframework.boot.test.autoconfigure.web.servlet.WebDriverTestExecutionListener, org.springframework.boot.test.mock.mockito.MockitoTestExecutionListener, org.springframework.boot.test.mock.mockito.ResetMocksTestExecutionListener, org.springframework.test.context.web.ServletTestExecutionListener, org.springframework.test.context.support.DirtiesContextBeforeModesTestExecutionListener, org.springframework.test.context.support.DependencyInjectionTestExecutionListener, org.springframework.test.context.support.DirtiesContextTestExecutionListener, org.springframework.test.context.transaction.TransactionalTestExecutionListener, org.springframework.test.context.jdbc.SqlScriptsTestExecutionListener, org.springframework.test.context.event.EventPublishingTestExecutionListener]
2023-05-11 00:24:56.180  INFO 22848 --- [    Test worker] .b.t.c.SpringBootTestContextBootstrapper : Using TestExecutionListeners: [org.springframework.test.context.web.ServletTestExecutionListener@5f086dab, org.springframework.test.context.support.DirtiesContextBeforeModesTestExecutionListener@76475270, org.springframework.boot.test.mock.mockito.MockitoTestExecutionListener@29d7283d, org.springframework.boot.test.autoconfigure.SpringBootDependencyInjectionTestExecutionListener@54c39443, org.springframework.test.context.support.DirtiesContextTestExecutionListener@48bade45, org.springframework.test.context.transaction.TransactionalTestExecutionListener@4a2c1f0, org.springframework.test.context.jdbc.SqlScriptsTestExecutionListener@14249799, org.springframework.test.context.event.EventPublishingTestExecutionListener@5c8d78d2, org.springframework.boot.test.autoconfigure.restdocs.RestDocsTestExecutionListener@42dbddf0, org.springframework.boot.test.autoconfigure.web.client.MockRestServiceServerResetTestExecutionListener@5064291a, org.springframework.boot.test.autoconfigure.web.servlet.MockMvcPrintOnlyOnFailureTestExecutionListener@60ccf4d0, org.springframework.boot.test.autoconfigure.web.servlet.WebDriverTestExecutionListener@57304bf3, org.springframework.boot.test.mock.mockito.ResetMocksTestExecutionListener@4b1828b8]

  .   ____          _            __ _ _
 /\\ / ___'_ __ _ _(_)_ __  __ _ \ \ \ \
( ( )\___ | '_ | '_| | '_ \/ _` | \ \ \ \
 \\/  ___)| |_)| | | | | || (_| |  ) ) ) )
  '  |____| .__|_| |_|_| |_\__, | / / / /
 =========|_|==============|___/=/_/_/_/
 :: Spring Boot ::        (v2.2.0.RELEASE)

2023-05-11 00:24:56.200  INFO 22848 --- [    Test worker] c.m.c.s.i.CompensationServiceImplTest    : Starting CompensationServiceImplTest on DESKTOP-CVPMR4V with PID 22848 (started by nate1 in C:\mindex-java-code-challenge\mindex-java-code-challenge)
2023-05-11 00:24:56.201 DEBUG 22848 --- [    Test worker] c.m.c.s.i.CompensationServiceImplTest    : Running with Spring Boot v2.2.0.RELEASE, Spring v5.2.0.RELEASE
2023-05-11 00:24:56.201  INFO 22848 --- [    Test worker] c.m.c.s.i.CompensationServiceImplTest    : No active profile set, falling back to default profiles: default
2023-05-11 00:24:56.290  INFO 22848 --- [    Test worker] .s.d.r.c.RepositoryConfigurationDelegate : Bootstrapping Spring Data repositories in DEFAULT mode.
2023-05-11 00:24:56.295  INFO 22848 --- [    Test worker] .s.d.r.c.RepositoryConfigurationDelegate : Finished Spring Data repository scanning in 4ms. Found 2 repository interfaces.
2023-05-11 00:24:56.468  INFO 22848 --- [    Test worker] o.s.b.w.embedded.tomcat.TomcatWebServer  : Tomcat initialized with port(s): 0 (http)
2023-05-11 00:24:56.477  INFO 22848 --- [    Test worker] o.apache.catalina.core.StandardService   : Starting service [Tomcat]
2023-05-11 00:24:56.478  INFO 22848 --- [    Test worker] org.apache.catalina.core.StandardEngine  : Starting Servlet engine: [Apache Tomcat/9.0.27]
2023-05-11 00:24:56.565  INFO 22848 --- [    Test worker] o.a.c.c.C.[Tomcat].[localhost].[/]       : Initializing Spring embedded WebApplicationContext
2023-05-11 00:24:56.565  INFO 22848 --- [    Test worker] o.s.web.context.ContextLoader            : Root WebApplicationContext: initialization completed in 362 ms
2023-05-11 00:24:56.656  INFO 22848 --- [    Test worker] de.bwaldvogel.mongo.MongoServer          : started MongoServer(port: 49548, ssl: false)
2023-05-11 00:24:56.657  INFO 22848 --- [    Test worker] org.mongodb.driver.cluster               : Cluster created with settings {hosts=[127.0.0.1:49548], mode=SINGLE, requiredClusterType=UNKNOWN, serverSelectionTimeout='30000 ms', maxWaitQueueSize=500}
2023-05-11 00:24:56.660  INFO 22848 --- [-server-worker1] d.b.mongo.wire.MongoWireProtocolHandler  : client [id: 0xe1adca44, L:/127.0.0.1:49548 - R:/127.0.0.1:49549] connected
2023-05-11 00:24:56.663  WARN 22848 --- [    Test worker] o.s.data.convert.CustomConversions       : Registering converter from class java.time.LocalDateTime to class java.time.Instant as reading converter although it doesn't convert from a store-supported type! You might wanna check you annotation setup at the converter implementation.
2023-05-11 00:24:56.663  WARN 22848 --- [    Test worker] o.s.data.convert.CustomConversions       : Registering converter from class java.time.Instant to class java.time.LocalDateTime as reading converter although it doesn't convert from a store-supported type! You might wanna check you annotation setup at the converter implementation.
2023-05-11 00:24:56.663  WARN 22848 --- [    Test worker] o.s.data.convert.CustomConversions       : Registering converter from class java.time.LocalDateTime to class java.time.Instant as reading converter although it doesn't convert from a store-supported type! You might wanna check you annotation setup at the converter implementation.
2023-05-11 00:24:56.664  WARN 22848 --- [    Test worker] o.s.data.convert.CustomConversions       : Registering converter from class java.time.Instant to class java.time.LocalDateTime as reading converter although it doesn't convert from a store-supported type! You might wanna check you annotation setup at the converter implementation.
2023-05-11 00:24:56.667  INFO 22848 --- [127.0.0.1:49548] org.mongodb.driver.connection            : Opened connection [connectionId{localValue:3}] to 127.0.0.1:49548
2023-05-11 00:24:56.668  INFO 22848 --- [127.0.0.1:49548] org.mongodb.driver.cluster               : Monitor thread successfully connected to server with description ServerDescription{address=127.0.0.1:49548, type=STANDALONE, state=CONNECTED, ok=true, version=ServerVersion{versionList=[3, 0, 0]}, minWireVersion=0, maxWireVersion=2, maxDocumentSize=16777216, logicalSessionTimeoutMinutes=null, roundTripTimeNanos=637700}
2023-05-11 00:24:56.696  INFO 22848 --- [-server-worker2] d.b.mongo.wire.MongoWireProtocolHandler  : client [id: 0x31f0be4e, L:/127.0.0.1:49548 - R:/127.0.0.1:49550] connected
2023-05-11 00:24:56.703  INFO 22848 --- [    Test worker] org.mongodb.driver.connection            : Opened connection [connectionId{localValue:4}] to 127.0.0.1:49548
2023-05-11 00:24:56.703  INFO 22848 --- [-server-worker2] d.b.mongo.backend.AbstractMongoBackend   : created database test
2023-05-11 00:24:56.703  INFO 22848 --- [-server-worker2] d.b.mongo.backend.AbstractMongoDatabase  : adding unique _id index for collection employee
2023-05-11 00:24:56.704  INFO 22848 --- [-server-worker2] d.b.mongo.backend.AbstractMongoDatabase  : created collection test.employee
2023-05-11 00:24:56.785  INFO 22848 --- [    Test worker] o.s.s.concurrent.ThreadPoolTaskExecutor  : Initializing ExecutorService 'applicationTaskExecutor'
2023-05-11 00:24:56.860  WARN 22848 --- [    Test worker] o.s.data.convert.CustomConversions       : Registering converter from class java.time.LocalDateTime to class java.time.Instant as reading converter although it doesn't convert from a store-supported type! You might wanna check you annotation setup at the converter implementation.
2023-05-11 00:24:56.861  WARN 22848 --- [    Test worker] o.s.data.convert.CustomConversions       : Registering converter from class java.time.Instant to class java.time.LocalDateTime as reading converter although it doesn't convert from a store-supported type! You might wanna check you annotation setup at the converter implementation.
2023-05-11 00:24:56.875  WARN 22848 --- [    Test worker] o.s.data.convert.CustomConversions       : Registering converter from class java.time.LocalDateTime to class java.time.Instant as reading converter although it doesn't convert from a store-supported type! You might wanna check you annotation setup at the converter implementation.
2023-05-11 00:24:56.876  WARN 22848 --- [    Test worker] o.s.data.convert.CustomConversions       : Registering converter from class java.time.Instant to class java.time.LocalDateTime as reading converter although it doesn't convert from a store-supported type! You might wanna check you annotation setup at the converter implementation.
2023-05-11 00:24:56.929  INFO 22848 --- [    Test worker] o.s.b.w.embedded.tomcat.TomcatWebServer  : Tomcat started on port(s): 49551 (http) with context path ''
2023-05-11 00:24:56.930  INFO 22848 --- [    Test worker] c.m.c.s.i.CompensationServiceImplTest    : Started CompensationServiceImplTest in 0.748 seconds (JVM running for 3.516)
2023-05-11 00:24:57.010  INFO 22848 --- [o-auto-1-exec-1] o.a.c.c.C.[Tomcat].[localhost].[/]       : Initializing Spring DispatcherServlet 'dispatcherServlet'
2023-05-11 00:24:57.011  INFO 22848 --- [o-auto-1-exec-1] o.s.web.servlet.DispatcherServlet        : Initializing Servlet 'dispatcherServlet'
2023-05-11 00:24:57.023  INFO 22848 --- [o-auto-1-exec-1] o.s.web.servlet.DispatcherServlet        : Completed initialization in 12 ms
2023-05-11 00:24:57.048 DEBUG 22848 --- [o-auto-1-exec-1] c.m.c.controller.EmployeeController      : Received employee create request for [com.mindex.challenge.data.Employee@671a807a]
2023-05-11 00:24:57.048 DEBUG 22848 --- [o-auto-1-exec-1] c.m.c.service.impl.EmployeeServiceImpl   : Creating employee [com.mindex.challenge.data.Employee@671a807a]
2023-05-11 00:24:57.067 DEBUG 22848 --- [o-auto-1-exec-2] c.m.c.controller.CompensationController  : Received employee create request for [e7a930d4-ff08-41a0-a48e-d63dbe27be47]
2023-05-11 00:24:57.068 DEBUG 22848 --- [o-auto-1-exec-2] c.m.c.s.impl.CompensationServiceImpl     : Creating compensation [com.mindex.challenge.data.Compensation@4a495cfc]
2023-05-11 00:24:57.075  INFO 22848 --- [-server-worker2] d.b.mongo.backend.AbstractMongoDatabase  : adding unique _id index for collection compensation
2023-05-11 00:24:57.075  INFO 22848 --- [-server-worker2] d.b.mongo.backend.AbstractMongoDatabase  : created collection test.compensation
2023-05-11 00:24:57.088 DEBUG 22848 --- [o-auto-1-exec-3] c.m.c.controller.CompensationController  : Received compensation read request for id [e7a930d4-ff08-41a0-a48e-d63dbe27be47]
2023-05-11 00:24:57.088 DEBUG 22848 --- [o-auto-1-exec-3] c.m.c.s.impl.CompensationServiceImpl     : Creating employee with id [e7a930d4-ff08-41a0-a48e-d63dbe27be47]
]]></system-out>
  <system-err><![CDATA[]]></system-err>
</testsuite>
