<?xml version="1.0" encoding="UTF-8"?>
<testsuite name="com.mindex.challenge.DataBootstrapTest" tests="1" skipped="0" failures="0" errors="0" timestamp="2023-05-11T04:24:56" hostname="DESKTOP-CVPMR4V" time="0.029">
  <properties/>
  <testcase name="test" classname="com.mindex.challenge.DataBootstrapTest" time="0.029"/>
  <system-out><![CDATA[2023-05-11 00:24:56.132  INFO 22848 --- [    Test worker] .b.t.c.SpringBootTestContextBootstrapper : Neither @ContextConfiguration nor @ContextHierarchy found for test class [com.mindex.challenge.DataBootstrapTest], using SpringBootContextLoader
2023-05-11 00:24:56.133  INFO 22848 --- [    Test worker] o.s.t.c.support.AbstractContextLoader    : Could not detect default resource locations for test class [com.mindex.challenge.DataBootstrapTest]: no resource found for suffixes {-context.xml, Context.groovy}.
2023-05-11 00:24:56.133  INFO 22848 --- [    Test worker] t.c.s.AnnotationConfigContextLoaderUtils : Could not detect default configuration classes for test class [com.mindex.challenge.DataBootstrapTest]: DataBootstrapTest does not declare any static, non-private, non-final, nested classes annotated with @Configuration.
2023-05-11 00:24:56.134  INFO 22848 --- [    Test worker] .b.t.c.SpringBootTestContextBootstrapper : Found @SpringBootConfiguration com.mindex.challenge.ChallengeApplication for test class com.mindex.challenge.DataBootstrapTest
2023-05-11 00:24:56.135  INFO 22848 --- [    Test worker] .b.t.c.SpringBootTestContextBootstrapper : Loaded default TestExecutionListener class names from location [META-INF/spring.factories]: [org.springframework.boot.test.autoconfigure.restdocs.RestDocsTestExecutionListener, org.springframework.boot.test.autoconfigure.web.client.MockRestServiceServerResetTestExecutionListener, org.springframework.boot.test.autoconfigure.web.servlet.MockMvcPrintOnlyOnFailureTestExecutionListener, org.springframework.boot.test.autoconfigure.web.servlet.WebDriverTestExecutionListener, org.springframework.boot.test.mock.mockito.MockitoTestExecutionListener, org.springframework.boot.test.mock.mockito.ResetMocksTestExecutionListener, org.springframework.test.context.web.ServletTestExecutionListener, org.springframework.test.context.support.DirtiesContextBeforeModesTestExecutionListener, org.springframework.test.context.support.DependencyInjectionTestExecutionListener, org.springframework.test.context.support.DirtiesContextTestExecutionListener, org.springframework.test.context.transaction.TransactionalTestExecutionListener, org.springframework.test.context.jdbc.SqlScriptsTestExecutionListener, org.springframework.test.context.event.EventPublishingTestExecutionListener]
2023-05-11 00:24:56.135  INFO 22848 --- [    Test worker] .b.t.c.SpringBootTestContextBootstrapper : Using TestExecutionListeners: [org.springframework.test.context.web.ServletTestExecutionListener@31b6fad9, org.springframework.test.context.support.DirtiesContextBeforeModesTestExecutionListener@70da6b26, org.springframework.boot.test.mock.mockito.MockitoTestExecutionListener@76b886de, org.springframework.boot.test.autoconfigure.SpringBootDependencyInjectionTestExecutionListener@431a1825, org.springframework.test.context.support.DirtiesContextTestExecutionListener@457c42ad, org.springframework.test.context.transaction.TransactionalTestExecutionListener@66dc927f, org.springframework.test.context.jdbc.SqlScriptsTestExecutionListener@54e0660c, org.springframework.test.context.event.EventPublishingTestExecutionListener@47a89785, org.springframework.boot.test.autoconfigure.restdocs.RestDocsTestExecutionListener@6066dcf7, org.springframework.boot.test.autoconfigure.web.client.MockRestServiceServerResetTestExecutionListener@62abe5ee, org.springframework.boot.test.autoconfigure.web.servlet.MockMvcPrintOnlyOnFailureTestExecutionListener@35ac3fb1, org.springframework.boot.test.autoconfigure.web.servlet.WebDriverTestExecutionListener@36bb823e, org.springframework.boot.test.mock.mockito.ResetMocksTestExecutionListener@60ec717a]
]]></system-out>
  <system-err><![CDATA[]]></system-err>
</testsuite>
