<?xml version="1.0" encoding="UTF-8"?>
<testsuite name="com.mindex.challenge.service.impl.EmployeeServiceImplTest" tests="1" skipped="0" failures="0" errors="0" timestamp="2023-05-11T04:12:24" hostname="DESKTOP-CVPMR4V" time="0.021">
  <properties/>
  <testcase name="testCreateReadUpdate" classname="com.mindex.challenge.service.impl.EmployeeServiceImplTest" time="0.021"/>
  <system-out><![CDATA[2023-05-11 00:12:24.231  INFO 19004 --- [    Test worker] .b.t.c.SpringBootTestContextBootstrapper : Neither @ContextConfiguration nor @ContextHierarchy found for test class [com.mindex.challenge.service.impl.EmployeeServiceImplTest], using SpringBootContextLoader
2023-05-11 00:12:24.231  INFO 19004 --- [    Test worker] o.s.t.c.support.AbstractContextLoader    : Could not detect default resource locations for test class [com.mindex.challenge.service.impl.EmployeeServiceImplTest]: no resource found for suffixes {-context.xml, Context.groovy}.
2023-05-11 00:12:24.231  INFO 19004 --- [    Test worker] t.c.s.AnnotationConfigContextLoaderUtils : Could not detect default configuration classes for test class [com.mindex.challenge.service.impl.EmployeeServiceImplTest]: EmployeeServiceImplTest does not declare any static, non-private, non-final, nested classes annotated with @Configuration.
2023-05-11 00:12:24.232  INFO 19004 --- [    Test worker] .b.t.c.SpringBootTestContextBootstrapper : Found @SpringBootConfiguration com.mindex.challenge.ChallengeApplication for test class com.mindex.challenge.service.impl.EmployeeServiceImplTest
2023-05-11 00:12:24.233  INFO 19004 --- [    Test worker] .b.t.c.SpringBootTestContextBootstrapper : Loaded default TestExecutionListener class names from location [META-INF/spring.factories]: [org.springframework.boot.test.autoconfigure.restdocs.RestDocsTestExecutionListener, org.springframework.boot.test.autoconfigure.web.client.MockRestServiceServerResetTestExecutionListener, org.springframework.boot.test.autoconfigure.web.servlet.MockMvcPrintOnlyOnFailureTestExecutionListener, org.springframework.boot.test.autoconfigure.web.servlet.WebDriverTestExecutionListener, org.springframework.boot.test.mock.mockito.MockitoTestExecutionListener, org.springframework.boot.test.mock.mockito.ResetMocksTestExecutionListener, org.springframework.test.context.web.ServletTestExecutionListener, org.springframework.test.context.support.DirtiesContextBeforeModesTestExecutionListener, org.springframework.test.context.support.DependencyInjectionTestExecutionListener, org.springframework.test.context.support.DirtiesContextTestExecutionListener, org.springframework.test.context.transaction.TransactionalTestExecutionListener, org.springframework.test.context.jdbc.SqlScriptsTestExecutionListener, org.springframework.test.context.event.EventPublishingTestExecutionListener]
2023-05-11 00:12:24.233  INFO 19004 --- [    Test worker] .b.t.c.SpringBootTestContextBootstrapper : Using TestExecutionListeners: [org.springframework.test.context.web.ServletTestExecutionListener@7bd32501, org.springframework.test.context.support.DirtiesContextBeforeModesTestExecutionListener@2d5cda64, org.springframework.boot.test.mock.mockito.MockitoTestExecutionListener@5a987a03, org.springframework.boot.test.autoconfigure.SpringBootDependencyInjectionTestExecutionListener@1fc2adfe, org.springframework.test.context.support.DirtiesContextTestExecutionListener@7d5b682a, org.springframework.test.context.transaction.TransactionalTestExecutionListener@369f021f, org.springframework.test.context.jdbc.SqlScriptsTestExecutionListener@2fce3ead, org.springframework.test.context.event.EventPublishingTestExecutionListener@25e9dbf7, org.springframework.boot.test.autoconfigure.restdocs.RestDocsTestExecutionListener@3d5fd58, org.springframework.boot.test.autoconfigure.web.client.MockRestServiceServerResetTestExecutionListener@4d1488c7, org.springframework.boot.test.autoconfigure.web.servlet.MockMvcPrintOnlyOnFailureTestExecutionListener@13f1ec9e, org.springframework.boot.test.autoconfigure.web.servlet.WebDriverTestExecutionListener@78acab74, org.springframework.boot.test.mock.mockito.ResetMocksTestExecutionListener@543fb604]
2023-05-11 00:12:24.238 DEBUG 19004 --- [o-auto-1-exec-4] c.m.c.controller.EmployeeController      : Received employee create request for [com.mindex.challenge.data.Employee@500ad1b6]
2023-05-11 00:12:24.239 DEBUG 19004 --- [o-auto-1-exec-4] c.m.c.service.impl.EmployeeServiceImpl   : Creating employee [com.mindex.challenge.data.Employee@500ad1b6]
2023-05-11 00:12:24.243 DEBUG 19004 --- [o-auto-1-exec-5] c.m.c.controller.EmployeeController      : Received employee create request for id [9f90ac29-ec60-479c-8cbb-16c4bff1e48a]
2023-05-11 00:12:24.244 DEBUG 19004 --- [o-auto-1-exec-5] c.m.c.service.impl.EmployeeServiceImpl   : Creating employee with id [9f90ac29-ec60-479c-8cbb-16c4bff1e48a]
2023-05-11 00:12:24.251 DEBUG 19004 --- [o-auto-1-exec-6] c.m.c.controller.EmployeeController      : Received employee create request for id [9f90ac29-ec60-479c-8cbb-16c4bff1e48a] and employee [com.mindex.challenge.data.Employee@608cf561]
2023-05-11 00:12:24.252 DEBUG 19004 --- [o-auto-1-exec-6] c.m.c.service.impl.EmployeeServiceImpl   : Updating employee [com.mindex.challenge.data.Employee@608cf561]
]]></system-out>
  <system-err><![CDATA[]]></system-err>
</testsuite>
