<?xml version="1.0" encoding="UTF-8"?>
<testsuite name="com.mindex.challenge.service.impl.ReportingStructureControllerTest" tests="1" skipped="0" failures="0" errors="0" timestamp="2023-05-11T04:24:57" hostname="DESKTOP-CVPMR4V" time="0.01">
  <properties/>
  <testcase name="testRead" classname="com.mindex.challenge.service.impl.ReportingStructureControllerTest" time="0.01"/>
  <system-out><![CDATA[2023-05-11 00:24:57.121  INFO 22848 --- [    Test worker] .b.t.c.SpringBootTestContextBootstrapper : Neither @ContextConfiguration nor @ContextHierarchy found for test class [com.mindex.challenge.service.impl.ReportingStructureControllerTest], using SpringBootContextLoader
2023-05-11 00:24:57.121  INFO 22848 --- [    Test worker] o.s.t.c.support.AbstractContextLoader    : Could not detect default resource locations for test class [com.mindex.challenge.service.impl.ReportingStructureControllerTest]: no resource found for suffixes {-context.xml, Context.groovy}.
2023-05-11 00:24:57.121  INFO 22848 --- [    Test worker] t.c.s.AnnotationConfigContextLoaderUtils : Could not detect default configuration classes for test class [com.mindex.challenge.service.impl.ReportingStructureControllerTest]: ReportingStructureControllerTest does not declare any static, non-private, non-final, nested classes annotated with @Configuration.
2023-05-11 00:24:57.122  INFO 22848 --- [    Test worker] .b.t.c.SpringBootTestContextBootstrapper : Found @SpringBootConfiguration com.mindex.challenge.ChallengeApplication for test class com.mindex.challenge.service.impl.ReportingStructureControllerTest
2023-05-11 00:24:57.123  INFO 22848 --- [    Test worker] .b.t.c.SpringBootTestContextBootstrapper : Loaded default TestExecutionListener class names from location [META-INF/spring.factories]: [org.springframework.boot.test.autoconfigure.restdocs.RestDocsTestExecutionListener, org.springframework.boot.test.autoconfigure.web.client.MockRestServiceServerResetTestExecutionListener, org.springframework.boot.test.autoconfigure.web.servlet.MockMvcPrintOnlyOnFailureTestExecutionListener, org.springframework.boot.test.autoconfigure.web.servlet.WebDriverTestExecutionListener, org.springframework.boot.test.mock.mockito.MockitoTestExecutionListener, org.springframework.boot.test.mock.mockito.ResetMocksTestExecutionListener, org.springframework.test.context.web.ServletTestExecutionListener, org.springframework.test.context.support.DirtiesContextBeforeModesTestExecutionListener, org.springframework.test.context.support.DependencyInjectionTestExecutionListener, org.springframework.test.context.support.DirtiesContextTestExecutionListener, org.springframework.test.context.transaction.TransactionalTestExecutionListener, org.springframework.test.context.jdbc.SqlScriptsTestExecutionListener, org.springframework.test.context.event.EventPublishingTestExecutionListener]
2023-05-11 00:24:57.123  INFO 22848 --- [    Test worker] .b.t.c.SpringBootTestContextBootstrapper : Using TestExecutionListeners: [org.springframework.test.context.web.ServletTestExecutionListener@7b2006f1, org.springframework.test.context.support.DirtiesContextBeforeModesTestExecutionListener@35376cbc, org.springframework.boot.test.mock.mockito.MockitoTestExecutionListener@4c17d43e, org.springframework.boot.test.autoconfigure.SpringBootDependencyInjectionTestExecutionListener@456a2f33, org.springframework.test.context.support.DirtiesContextTestExecutionListener@3e86aee1, org.springframework.test.context.transaction.TransactionalTestExecutionListener@305a7701, org.springframework.test.context.jdbc.SqlScriptsTestExecutionListener@429ef310, org.springframework.test.context.event.EventPublishingTestExecutionListener@56194fc7, org.springframework.boot.test.autoconfigure.restdocs.RestDocsTestExecutionListener@5de31243, org.springframework.boot.test.autoconfigure.web.client.MockRestServiceServerResetTestExecutionListener@3e628481, org.springframework.boot.test.autoconfigure.web.servlet.MockMvcPrintOnlyOnFailureTestExecutionListener@b51f62e, org.springframework.boot.test.autoconfigure.web.servlet.WebDriverTestExecutionListener@17aae7f4, org.springframework.boot.test.mock.mockito.ResetMocksTestExecutionListener@529e8e48]
2023-05-11 00:24:57.127 DEBUG 22848 --- [o-auto-1-exec-7] c.m.c.controller.EmployeeController      : Received employee create request for [com.mindex.challenge.data.Employee@5a8960d6]
2023-05-11 00:24:57.127 DEBUG 22848 --- [o-auto-1-exec-7] c.m.c.service.impl.EmployeeServiceImpl   : Creating employee [com.mindex.challenge.data.Employee@5a8960d6]
2023-05-11 00:24:57.131 DEBUG 22848 --- [o-auto-1-exec-9] c.m.c.c.ReportingStructureController     : Received Reporting Structure read request for id [8d69c019-8b9c-4327-939f-9e13bfe76e1c]
2023-05-11 00:24:57.131 DEBUG 22848 --- [o-auto-1-exec-9] c.m.c.service.impl.EmployeeServiceImpl   : Creating employee with id [8d69c019-8b9c-4327-939f-9e13bfe76e1c]
]]></system-out>
  <system-err><![CDATA[]]></system-err>
</testsuite>
