<?xml version="1.0" encoding="UTF-8"?>
<testsuite name="com.mindex.challenge.ChallengeApplicationTests" tests="1" skipped="0" failures="0" errors="0" timestamp="2023-05-11T04:12:24" hostname="DESKTOP-CVPMR4V" time="0.001">
  <properties/>
  <testcase name="contextLoads" classname="com.mindex.challenge.ChallengeApplicationTests" time="0.001"/>
  <system-out><![CDATA[2023-05-11 00:12:23.675  INFO 19004 --- [    Test worker] .b.t.c.SpringBootTestContextBootstrapper : Neither @ContextConfiguration nor @ContextHierarchy found for test class [com.mindex.challenge.ChallengeApplicationTests], using SpringBootContextLoader
2023-05-11 00:12:23.676  INFO 19004 --- [    Test worker] o.s.t.c.support.AbstractContextLoader    : Could not detect default resource locations for test class [com.mindex.challenge.ChallengeApplicationTests]: no resource found for suffixes {-context.xml, Context.groovy}.
2023-05-11 00:12:23.676  INFO 19004 --- [    Test worker] t.c.s.AnnotationConfigContextLoaderUtils : Could not detect default configuration classes for test class [com.mindex.challenge.ChallengeApplicationTests]: ChallengeApplicationTests does not declare any static, non-private, non-final, nested classes annotated with @Configuration.
2023-05-11 00:12:23.680  INFO 19004 --- [    Test worker] .b.t.c.SpringBootTestContextBootstrapper : Found @SpringBootConfiguration com.mindex.challenge.ChallengeApplication for test class com.mindex.challenge.ChallengeApplicationTests
2023-05-11 00:12:23.681  INFO 19004 --- [    Test worker] .b.t.c.SpringBootTestContextBootstrapper : Loaded default TestExecutionListener class names from location [META-INF/spring.factories]: [org.springframework.boot.test.autoconfigure.restdocs.RestDocsTestExecutionListener, org.springframework.boot.test.autoconfigure.web.client.MockRestServiceServerResetTestExecutionListener, org.springframework.boot.test.autoconfigure.web.servlet.MockMvcPrintOnlyOnFailureTestExecutionListener, org.springframework.boot.test.autoconfigure.web.servlet.WebDriverTestExecutionListener, org.springframework.boot.test.mock.mockito.MockitoTestExecutionListener, org.springframework.boot.test.mock.mockito.ResetMocksTestExecutionListener, org.springframework.test.context.web.ServletTestExecutionListener, org.springframework.test.context.support.DirtiesContextBeforeModesTestExecutionListener, org.springframework.test.context.support.DependencyInjectionTestExecutionListener, org.springframework.test.context.support.DirtiesContextTestExecutionListener, org.springframework.test.context.transaction.TransactionalTestExecutionListener, org.springframework.test.context.jdbc.SqlScriptsTestExecutionListener, org.springframework.test.context.event.EventPublishingTestExecutionListener]
2023-05-11 00:12:23.682  INFO 19004 --- [    Test worker] .b.t.c.SpringBootTestContextBootstrapper : Using TestExecutionListeners: [org.springframework.test.context.web.ServletTestExecutionListener@4533ba5c, org.springframework.test.context.support.DirtiesContextBeforeModesTestExecutionListener@1fc97249, org.springframework.boot.test.mock.mockito.MockitoTestExecutionListener@39a402e3, org.springframework.boot.test.autoconfigure.SpringBootDependencyInjectionTestExecutionListener@54d82270, org.springframework.test.context.support.DirtiesContextTestExecutionListener@ce183ed, org.springframework.test.context.transaction.TransactionalTestExecutionListener@58eee302, org.springframework.test.context.jdbc.SqlScriptsTestExecutionListener@414441e6, org.springframework.test.context.event.EventPublishingTestExecutionListener@549a201c, org.springframework.boot.test.autoconfigure.restdocs.RestDocsTestExecutionListener@54643f89, org.springframework.boot.test.autoconfigure.web.client.MockRestServiceServerResetTestExecutionListener@7bbd30f4, org.springframework.boot.test.autoconfigure.web.servlet.MockMvcPrintOnlyOnFailureTestExecutionListener@18950514, org.springframework.boot.test.autoconfigure.web.servlet.WebDriverTestExecutionListener@1d8a5cda, org.springframework.boot.test.mock.mockito.ResetMocksTestExecutionListener@6867a095]

  .   ____          _            __ _ _
 /\\ / ___'_ __ _ _(_)_ __  __ _ \ \ \ \
( ( )\___ | '_ | '_| | '_ \/ _` | \ \ \ \
 \\/  ___)| |_)| | | | | || (_| |  ) ) ) )
  '  |____| .__|_| |_|_| |_\__, | / / / /
 =========|_|==============|___/=/_/_/_/
 :: Spring Boot ::        (v2.2.0.RELEASE)

2023-05-11 00:12:23.704  INFO 19004 --- [    Test worker] c.m.challenge.ChallengeApplicationTests  : Starting ChallengeApplicationTests on DESKTOP-CVPMR4V with PID 19004 (started by nate1 in C:\mindex-java-code-challenge\mindex-java-code-challenge)
2023-05-11 00:12:23.704 DEBUG 19004 --- [    Test worker] c.m.challenge.ChallengeApplicationTests  : Running with Spring Boot v2.2.0.RELEASE, Spring v5.2.0.RELEASE
2023-05-11 00:12:23.704  INFO 19004 --- [    Test worker] c.m.challenge.ChallengeApplicationTests  : No active profile set, falling back to default profiles: default
2023-05-11 00:12:23.800  INFO 19004 --- [    Test worker] .s.d.r.c.RepositoryConfigurationDelegate : Bootstrapping Spring Data repositories in DEFAULT mode.
2023-05-11 00:12:23.806  INFO 19004 --- [    Test worker] .s.d.r.c.RepositoryConfigurationDelegate : Finished Spring Data repository scanning in 6ms. Found 2 repository interfaces.
2023-05-11 00:12:23.892  INFO 19004 --- [    Test worker] de.bwaldvogel.mongo.MongoServer          : started MongoServer(port: 64766, ssl: false)
2023-05-11 00:12:23.893  INFO 19004 --- [    Test worker] org.mongodb.driver.cluster               : Cluster created with settings {hosts=[127.0.0.1:64766], mode=SINGLE, requiredClusterType=UNKNOWN, serverSelectionTimeout='30000 ms', maxWaitQueueSize=500}
2023-05-11 00:12:23.894  INFO 19004 --- [-server-worker1] d.b.mongo.wire.MongoWireProtocolHandler  : client [id: 0x77f506d7, L:/127.0.0.1:64766 - R:/127.0.0.1:64767] connected
2023-05-11 00:12:23.897  WARN 19004 --- [    Test worker] o.s.data.convert.CustomConversions       : Registering converter from class java.time.LocalDateTime to class java.time.Instant as reading converter although it doesn't convert from a store-supported type! You might wanna check you annotation setup at the converter implementation.
2023-05-11 00:12:23.898  WARN 19004 --- [    Test worker] o.s.data.convert.CustomConversions       : Registering converter from class java.time.Instant to class java.time.LocalDateTime as reading converter although it doesn't convert from a store-supported type! You might wanna check you annotation setup at the converter implementation.
2023-05-11 00:12:23.898  WARN 19004 --- [    Test worker] o.s.data.convert.CustomConversions       : Registering converter from class java.time.LocalDateTime to class java.time.Instant as reading converter although it doesn't convert from a store-supported type! You might wanna check you annotation setup at the converter implementation.
2023-05-11 00:12:23.898  WARN 19004 --- [    Test worker] o.s.data.convert.CustomConversions       : Registering converter from class java.time.Instant to class java.time.LocalDateTime as reading converter although it doesn't convert from a store-supported type! You might wanna check you annotation setup at the converter implementation.
2023-05-11 00:12:23.900  INFO 19004 --- [127.0.0.1:64766] org.mongodb.driver.connection            : Opened connection [connectionId{localValue:3}] to 127.0.0.1:64766
2023-05-11 00:12:23.901  INFO 19004 --- [127.0.0.1:64766] org.mongodb.driver.cluster               : Monitor thread successfully connected to server with description ServerDescription{address=127.0.0.1:64766, type=STANDALONE, state=CONNECTED, ok=true, version=ServerVersion{versionList=[3, 0, 0]}, minWireVersion=0, maxWireVersion=2, maxDocumentSize=16777216, logicalSessionTimeoutMinutes=null, roundTripTimeNanos=660600}
2023-05-11 00:12:23.945  INFO 19004 --- [-server-worker2] d.b.mongo.wire.MongoWireProtocolHandler  : client [id: 0xe81765e0, L:/127.0.0.1:64766 - R:/127.0.0.1:64769] connected
2023-05-11 00:12:23.952  INFO 19004 --- [    Test worker] org.mongodb.driver.connection            : Opened connection [connectionId{localValue:4}] to 127.0.0.1:64766
2023-05-11 00:12:23.953  INFO 19004 --- [-server-worker2] d.b.mongo.backend.AbstractMongoBackend   : created database test
2023-05-11 00:12:23.953  INFO 19004 --- [-server-worker2] d.b.mongo.backend.AbstractMongoDatabase  : adding unique _id index for collection employee
2023-05-11 00:12:23.953  INFO 19004 --- [-server-worker2] d.b.mongo.backend.AbstractMongoDatabase  : created collection test.employee
2023-05-11 00:12:24.078  INFO 19004 --- [    Test worker] o.s.s.concurrent.ThreadPoolTaskExecutor  : Initializing ExecutorService 'applicationTaskExecutor'
2023-05-11 00:12:24.167  WARN 19004 --- [    Test worker] o.s.data.convert.CustomConversions       : Registering converter from class java.time.LocalDateTime to class java.time.Instant as reading converter although it doesn't convert from a store-supported type! You might wanna check you annotation setup at the converter implementation.
2023-05-11 00:12:24.168  WARN 19004 --- [    Test worker] o.s.data.convert.CustomConversions       : Registering converter from class java.time.Instant to class java.time.LocalDateTime as reading converter although it doesn't convert from a store-supported type! You might wanna check you annotation setup at the converter implementation.
2023-05-11 00:12:24.180  WARN 19004 --- [    Test worker] o.s.data.convert.CustomConversions       : Registering converter from class java.time.LocalDateTime to class java.time.Instant as reading converter although it doesn't convert from a store-supported type! You might wanna check you annotation setup at the converter implementation.
2023-05-11 00:12:24.180  WARN 19004 --- [    Test worker] o.s.data.convert.CustomConversions       : Registering converter from class java.time.Instant to class java.time.LocalDateTime as reading converter although it doesn't convert from a store-supported type! You might wanna check you annotation setup at the converter implementation.
2023-05-11 00:12:24.212  INFO 19004 --- [    Test worker] c.m.challenge.ChallengeApplicationTests  : Started ChallengeApplicationTests in 0.526 seconds (JVM running for 3.721)
]]></system-out>
  <system-err><![CDATA[]]></system-err>
</testsuite>
